0 info it worked if it ends with ok
1 verbose cli [ 'C:\\Program Files\\nodejs\\node.exe',
1 verbose cli   'C:\\Program Files\\nodejs\\node_modules\\npm\\bin\\npm-cli.js',
1 verbose cli   'run',
1 verbose cli   'dev' ]
2 info using npm@3.3.12
3 info using node@v5.1.0
4 verbose run-script [ 'predev', 'dev', 'postdev' ]
5 info lifecycle demo3@1.0.0~predev: demo3@1.0.0
6 silly lifecycle demo3@1.0.0~predev: no script for predev, continuing
7 info lifecycle demo3@1.0.0~dev: demo3@1.0.0
8 verbose lifecycle demo3@1.0.0~dev: unsafe-perm in lifecycle true
9 verbose lifecycle demo3@1.0.0~dev: PATH: C:\Program Files\nodejs\node_modules\npm\bin\node-gyp-bin;D:\gitwork\projecthub\test\react\demo3\node_modules\.bin;C:\cmder\bin;C:\cmder\vendor\conemu-maximus5;C:\cmder\vendor\conemu-maximus5\ConEmu;C:\windows\system32;C:\windows;C:\windows\System32\Wbem;C:\windows\System32\WindowsPowerShell\v1.0\;C:\Ruby22\bin\;C:\Program Files\nodejs\;C:\Go\bin;C:\cmder\;C:\Program Files\nodejs\node_global\;C:\Users\admin\AppData\Local\atom\bin;C:\Users\admin\AppData\Roaming\npm;C:\cmder\vendor\git-for-windows\bin;C:\cmder
10 verbose lifecycle demo3@1.0.0~dev: CWD: D:\gitwork\projecthub\test\react\demo3
11 silly lifecycle demo3@1.0.0~dev: Args: [ '/d /s /c',
11 silly lifecycle   'webpack-dev-server --devtool eval --progress --colors --hot --content-base build' ]
12 silly lifecycle demo3@1.0.0~dev: Returned: code: 1  signal: null
13 info lifecycle demo3@1.0.0~dev: Failed to exec dev script
14 verbose stack Error: demo3@1.0.0 dev: `webpack-dev-server --devtool eval --progress --colors --hot --content-base build`
14 verbose stack Exit status 1
14 verbose stack     at EventEmitter.<anonymous> (C:\Program Files\nodejs\node_modules\npm\lib\utils\lifecycle.js:232:16)
14 verbose stack     at emitTwo (events.js:87:13)
14 verbose stack     at EventEmitter.emit (events.js:172:7)
14 verbose stack     at ChildProcess.<anonymous> (C:\Program Files\nodejs\node_modules\npm\lib\utils\spawn.js:24:14)
14 verbose stack     at emitTwo (events.js:87:13)
14 verbose stack     at ChildProcess.emit (events.js:172:7)
14 verbose stack     at maybeClose (internal/child_process.js:818:16)
14 verbose stack     at Process.ChildProcess._handle.onexit (internal/child_process.js:211:5)
15 verbose pkgid demo3@1.0.0
16 verbose cwd D:\gitwork\projecthub\test\react\demo3
17 error Windows_NT 6.1.7601
18 error argv "C:\\Program Files\\nodejs\\node.exe" "C:\\Program Files\\nodejs\\node_modules\\npm\\bin\\npm-cli.js" "run" "dev"
19 error node v5.1.0
20 error npm  v3.3.12
21 error code ELIFECYCLE
22 error demo3@1.0.0 dev: `webpack-dev-server --devtool eval --progress --colors --hot --content-base build`
22 error Exit status 1
23 error Failed at the demo3@1.0.0 dev script 'webpack-dev-server --devtool eval --progress --colors --hot --content-base build'.
23 error Make sure you have the latest version of node.js and npm installed.
23 error If you do, this is most likely a problem with the demo3 package,
23 error not with npm itself.
23 error Tell the author that this fails on your system:
23 error     webpack-dev-server --devtool eval --progress --colors --hot --content-base build
23 error You can get their info via:
23 error     npm owner ls demo3
23 error There is likely additional logging output above.
24 verbose exit [ 1, true ]
