0 info it worked if it ends with ok
1 verbose cli [ 'C:\\Program Files\\nodejs\\node.exe',
1 verbose cli   'C:\\Program Files\\nodejs\\node_global\\node_modules\\cnpm\\node_modules\\npm\\bin\\npm-cli.js',
1 verbose cli   '--userconfig=C:\\Users\\admin\\.cnpmrc',
1 verbose cli   '--disturl=https://npm.taobao.org/mirrors/node',
1 verbose cli   '--cache=C:\\Users\\admin\\.cnpm',
1 verbose cli   '--registry=https://registry.npm.taobao.org',
1 verbose cli   '--node-gyp=C:\\Program Files\\nodejs\\node_global\\node_modules\\cnpm\\node_modules\\node-gyp\\bin\\node-gyp.js',
1 verbose cli   'install',
1 verbose cli   '--save',
1 verbose cli   'react' ]
2 info using npm@2.14.13
3 info using node@v5.1.0
4 verbose install initial load of D:\gitwork\projecthub\test\react\demo7\package.json
5 warn package.json demo@1.0.0 No description
6 warn package.json demo@1.0.0 No repository field.
7 warn package.json demo@1.0.0 No README data
8 verbose installManyTop reading scoped package data from D:\gitwork\projecthub\test\react\demo7\node_modules\Base64\package.json
9 verbose installManyTop reading scoped package data from D:\gitwork\projecthub\test\react\demo7\node_modules\accepts\package.json
10 verbose installManyTop reading scoped package data from D:\gitwork\projecthub\test\react\demo7\node_modules\align-text\package.json
11 verbose installManyTop reading scoped package data from D:\gitwork\projecthub\test\react\demo7\node_modules\alphanum-sort\package.json
12 verbose installManyTop reading scoped package data from D:\gitwork\projecthub\test\react\demo7\node_modules\amdefine\package.json
13 verbose installManyTop reading scoped package data from D:\gitwork\projecthub\test\react\demo7\node_modules\ansi-regex\package.json
14 verbose installManyTop reading scoped package data from D:\gitwork\projecthub\test\react\demo7\node_modules\ansi-styles\package.json
15 verbose installManyTop reading scoped package data from D:\gitwork\projecthub\test\react\demo7\node_modules\anymatch\package.json
16 verbose installManyTop reading scoped package data from D:\gitwork\projecthub\test\react\demo7\node_modules\argparse\package.json
17 verbose installManyTop reading scoped package data from D:\gitwork\projecthub\test\react\demo7\node_modules\arr-diff\package.json
18 verbose installManyTop reading scoped package data from D:\gitwork\projecthub\test\react\demo7\node_modules\arr-flatten\package.json
19 verbose installManyTop reading scoped package data from D:\gitwork\projecthub\test\react\demo7\node_modules\array-flatten\package.json
20 verbose installManyTop reading scoped package data from D:\gitwork\projecthub\test\react\demo7\node_modules\array-unique\package.json
21 verbose installManyTop reading scoped package data from D:\gitwork\projecthub\test\react\demo7\node_modules\arrify\package.json
22 verbose installManyTop reading scoped package data from D:\gitwork\projecthub\test\react\demo7\node_modules\asap\package.json
23 verbose installManyTop reading scoped package data from D:\gitwork\projecthub\test\react\demo7\node_modules\assert\package.json
24 verbose installManyTop reading scoped package data from D:\gitwork\projecthub\test\react\demo7\node_modules\async\package.json
25 verbose installManyTop reading scoped package data from D:\gitwork\projecthub\test\react\demo7\node_modules\async-each\package.json
26 verbose installManyTop reading scoped package data from D:\gitwork\projecthub\test\react\demo7\node_modules\autoprefixer\package.json
27 verbose installManyTop reading scoped package data from D:\gitwork\projecthub\test\react\demo7\node_modules\babel-code-frame\package.json
28 verbose installManyTop reading scoped package data from D:\gitwork\projecthub\test\react\demo7\node_modules\babel-core\package.json
29 verbose installManyTop reading scoped package data from D:\gitwork\projecthub\test\react\demo7\node_modules\babel-generator\package.json
30 verbose installManyTop reading scoped package data from D:\gitwork\projecthub\test\react\demo7\node_modules\babel-helper-bindify-decorators\package.json
31 verbose installManyTop reading scoped package data from D:\gitwork\projecthub\test\react\demo7\node_modules\babel-helper-builder-binary-assignment-operator-visitor\package.json
32 verbose installManyTop reading scoped package data from D:\gitwork\projecthub\test\react\demo7\node_modules\babel-helper-builder-react-jsx\package.json
33 verbose installManyTop reading scoped package data from D:\gitwork\projecthub\test\react\demo7\node_modules\babel-helper-call-delegate\package.json
34 verbose installManyTop reading scoped package data from D:\gitwork\projecthub\test\react\demo7\node_modules\babel-helper-define-map\package.json
35 verbose installManyTop reading scoped package data from D:\gitwork\projecthub\test\react\demo7\node_modules\babel-helper-explode-assignable-expression\package.json
36 verbose installManyTop reading scoped package data from D:\gitwork\projecthub\test\react\demo7\node_modules\babel-helper-explode-class\package.json
37 verbose installManyTop reading scoped package data from D:\gitwork\projecthub\test\react\demo7\node_modules\babel-helper-function-name\package.json
38 verbose installManyTop reading scoped package data from D:\gitwork\projecthub\test\react\demo7\node_modules\babel-helper-get-function-arity\package.json
39 verbose installManyTop reading scoped package data from D:\gitwork\projecthub\test\react\demo7\node_modules\babel-helper-hoist-variables\package.json
40 verbose installManyTop reading scoped package data from D:\gitwork\projecthub\test\react\demo7\node_modules\babel-helper-optimise-call-expression\package.json
41 verbose installManyTop reading scoped package data from D:\gitwork\projecthub\test\react\demo7\node_modules\babel-helper-regex\package.json
42 verbose installManyTop reading scoped package data from D:\gitwork\projecthub\test\react\demo7\node_modules\babel-helper-remap-async-to-generator\package.json
43 verbose installManyTop reading scoped package data from D:\gitwork\projecthub\test\react\demo7\node_modules\babel-helper-replace-supers\package.json
44 verbose installManyTop reading scoped package data from D:\gitwork\projecthub\test\react\demo7\node_modules\babel-helpers\package.json
45 verbose installManyTop reading scoped package data from D:\gitwork\projecthub\test\react\demo7\node_modules\babel-loader\package.json
46 verbose installManyTop reading scoped package data from D:\gitwork\projecthub\test\react\demo7\node_modules\babel-messages\package.json
47 verbose installManyTop reading scoped package data from D:\gitwork\projecthub\test\react\demo7\node_modules\babel-plugin-check-es2015-constants\package.json
48 verbose installManyTop reading scoped package data from D:\gitwork\projecthub\test\react\demo7\node_modules\babel-plugin-syntax-async-functions\package.json
49 verbose installManyTop reading scoped package data from D:\gitwork\projecthub\test\react\demo7\node_modules\babel-plugin-syntax-class-constructor-call\package.json
50 verbose installManyTop reading scoped package data from D:\gitwork\projecthub\test\react\demo7\node_modules\babel-plugin-syntax-class-properties\package.json
51 verbose installManyTop reading scoped package data from D:\gitwork\projecthub\test\react\demo7\node_modules\babel-plugin-syntax-decorators\package.json
52 verbose installManyTop reading scoped package data from D:\gitwork\projecthub\test\react\demo7\node_modules\babel-plugin-syntax-do-expressions\package.json
53 verbose installManyTop reading scoped package data from D:\gitwork\projecthub\test\react\demo7\node_modules\babel-plugin-syntax-exponentiation-operator\package.json
54 verbose installManyTop reading scoped package data from D:\gitwork\projecthub\test\react\demo7\node_modules\babel-plugin-syntax-export-extensions\package.json
55 verbose installManyTop reading scoped package data from D:\gitwork\projecthub\test\react\demo7\node_modules\babel-plugin-syntax-flow\package.json
56 verbose installManyTop reading scoped package data from D:\gitwork\projecthub\test\react\demo7\node_modules\babel-plugin-syntax-function-bind\package.json
57 verbose installManyTop reading scoped package data from D:\gitwork\projecthub\test\react\demo7\node_modules\babel-plugin-syntax-jsx\package.json
58 verbose installManyTop reading scoped package data from D:\gitwork\projecthub\test\react\demo7\node_modules\babel-plugin-syntax-object-rest-spread\package.json
59 verbose installManyTop reading scoped package data from D:\gitwork\projecthub\test\react\demo7\node_modules\babel-plugin-syntax-trailing-function-commas\package.json
60 verbose installManyTop reading scoped package data from D:\gitwork\projecthub\test\react\demo7\node_modules\babel-plugin-transform-async-to-generator\package.json
61 verbose installManyTop reading scoped package data from D:\gitwork\projecthub\test\react\demo7\node_modules\babel-plugin-transform-class-constructor-call\package.json
62 verbose installManyTop reading scoped package data from D:\gitwork\projecthub\test\react\demo7\node_modules\babel-plugin-transform-class-properties\package.json
63 verbose installManyTop reading scoped package data from D:\gitwork\projecthub\test\react\demo7\node_modules\babel-plugin-transform-decorators\package.json
64 verbose installManyTop reading scoped package data from D:\gitwork\projecthub\test\react\demo7\node_modules\babel-plugin-transform-do-expressions\package.json
65 verbose installManyTop reading scoped package data from D:\gitwork\projecthub\test\react\demo7\node_modules\babel-plugin-transform-es2015-arrow-functions\package.json
66 verbose installManyTop reading scoped package data from D:\gitwork\projecthub\test\react\demo7\node_modules\babel-plugin-transform-es2015-block-scoped-functions\package.json
67 verbose installManyTop reading scoped package data from D:\gitwork\projecthub\test\react\demo7\node_modules\babel-plugin-transform-es2015-block-scoping\package.json
68 verbose installManyTop reading scoped package data from D:\gitwork\projecthub\test\react\demo7\node_modules\babel-plugin-transform-es2015-classes\package.json
69 verbose installManyTop reading scoped package data from D:\gitwork\projecthub\test\react\demo7\node_modules\babel-plugin-transform-es2015-computed-properties\package.json
70 verbose installManyTop reading scoped package data from D:\gitwork\projecthub\test\react\demo7\node_modules\babel-plugin-transform-es2015-destructuring\package.json
71 verbose installManyTop reading scoped package data from D:\gitwork\projecthub\test\react\demo7\node_modules\babel-plugin-transform-es2015-for-of\package.json
72 verbose installManyTop reading scoped package data from D:\gitwork\projecthub\test\react\demo7\node_modules\babel-plugin-transform-es2015-function-name\package.json
73 verbose installManyTop reading scoped package data from D:\gitwork\projecthub\test\react\demo7\node_modules\babel-plugin-transform-es2015-literals\package.json
74 verbose installManyTop reading scoped package data from D:\gitwork\projecthub\test\react\demo7\node_modules\babel-plugin-transform-es2015-modules-commonjs\package.json
75 verbose installManyTop reading scoped package data from D:\gitwork\projecthub\test\react\demo7\node_modules\babel-plugin-transform-es2015-object-super\package.json
76 verbose installManyTop reading scoped package data from D:\gitwork\projecthub\test\react\demo7\node_modules\babel-plugin-transform-es2015-parameters\package.json
77 verbose installManyTop reading scoped package data from D:\gitwork\projecthub\test\react\demo7\node_modules\babel-plugin-transform-es2015-shorthand-properties\package.json
78 verbose installManyTop reading scoped package data from D:\gitwork\projecthub\test\react\demo7\node_modules\babel-plugin-transform-es2015-spread\package.json
79 verbose installManyTop reading scoped package data from D:\gitwork\projecthub\test\react\demo7\node_modules\babel-plugin-transform-es2015-sticky-regex\package.json
80 verbose installManyTop reading scoped package data from D:\gitwork\projecthub\test\react\demo7\node_modules\babel-plugin-transform-es2015-template-literals\package.json
81 verbose installManyTop reading scoped package data from D:\gitwork\projecthub\test\react\demo7\node_modules\babel-plugin-transform-es2015-typeof-symbol\package.json
82 verbose installManyTop reading scoped package data from D:\gitwork\projecthub\test\react\demo7\node_modules\babel-plugin-transform-es2015-unicode-regex\package.json
83 verbose installManyTop reading scoped package data from D:\gitwork\projecthub\test\react\demo7\node_modules\babel-plugin-transform-exponentiation-operator\package.json
84 verbose installManyTop reading scoped package data from D:\gitwork\projecthub\test\react\demo7\node_modules\babel-plugin-transform-export-extensions\package.json
85 verbose installManyTop reading scoped package data from D:\gitwork\projecthub\test\react\demo7\node_modules\babel-plugin-transform-flow-strip-types\package.json
86 verbose installManyTop reading scoped package data from D:\gitwork\projecthub\test\react\demo7\node_modules\babel-plugin-transform-function-bind\package.json
87 verbose installManyTop reading scoped package data from D:\gitwork\projecthub\test\react\demo7\node_modules\babel-plugin-transform-object-rest-spread\package.json
88 verbose installManyTop reading scoped package data from D:\gitwork\projecthub\test\react\demo7\node_modules\babel-plugin-transform-react-display-name\package.json
89 verbose installManyTop reading scoped package data from D:\gitwork\projecthub\test\react\demo7\node_modules\babel-plugin-transform-react-jsx\package.json
90 verbose installManyTop reading scoped package data from D:\gitwork\projecthub\test\react\demo7\node_modules\babel-plugin-transform-react-jsx-source\package.json
91 verbose installManyTop reading scoped package data from D:\gitwork\projecthub\test\react\demo7\node_modules\babel-plugin-transform-regenerator\package.json
92 verbose installManyTop reading scoped package data from D:\gitwork\projecthub\test\react\demo7\node_modules\babel-plugin-transform-runtime\package.json
93 verbose installManyTop reading scoped package data from D:\gitwork\projecthub\test\react\demo7\node_modules\babel-plugin-transform-strict-mode\package.json
94 verbose installManyTop reading scoped package data from D:\gitwork\projecthub\test\react\demo7\node_modules\babel-preset-es2015\package.json
95 verbose installManyTop reading scoped package data from D:\gitwork\projecthub\test\react\demo7\node_modules\babel-preset-react\package.json
96 verbose installManyTop reading scoped package data from D:\gitwork\projecthub\test\react\demo7\node_modules\babel-preset-stage-0\package.json
97 verbose installManyTop reading scoped package data from D:\gitwork\projecthub\test\react\demo7\node_modules\babel-preset-stage-1\package.json
98 verbose installManyTop reading scoped package data from D:\gitwork\projecthub\test\react\demo7\node_modules\babel-preset-stage-2\package.json
99 verbose installManyTop reading scoped package data from D:\gitwork\projecthub\test\react\demo7\node_modules\babel-preset-stage-3\package.json
100 verbose installManyTop reading scoped package data from D:\gitwork\projecthub\test\react\demo7\node_modules\babel-register\package.json
101 verbose installManyTop reading scoped package data from D:\gitwork\projecthub\test\react\demo7\node_modules\babel-runtime\package.json
102 verbose installManyTop reading scoped package data from D:\gitwork\projecthub\test\react\demo7\node_modules\babel-template\package.json
103 verbose installManyTop reading scoped package data from D:\gitwork\projecthub\test\react\demo7\node_modules\babel-traverse\package.json
104 verbose installManyTop reading scoped package data from D:\gitwork\projecthub\test\react\demo7\node_modules\babel-types\package.json
105 verbose installManyTop reading scoped package data from D:\gitwork\projecthub\test\react\demo7\node_modules\babylon\package.json
106 verbose installManyTop reading scoped package data from D:\gitwork\projecthub\test\react\demo7\node_modules\balanced-match\package.json
107 verbose installManyTop reading scoped package data from D:\gitwork\projecthub\test\react\demo7\node_modules\base62\package.json
108 verbose installManyTop reading scoped package data from D:\gitwork\projecthub\test\react\demo7\node_modules\base64-js\package.json
109 verbose installManyTop reading scoped package data from D:\gitwork\projecthub\test\react\demo7\node_modules\batch\package.json
110 verbose installManyTop reading scoped package data from D:\gitwork\projecthub\test\react\demo7\node_modules\big.js\package.json
111 verbose installManyTop reading scoped package data from D:\gitwork\projecthub\test\react\demo7\node_modules\binary-extensions\package.json
112 verbose installManyTop reading scoped package data from D:\gitwork\projecthub\test\react\demo7\node_modules\bootstrap\package.json
113 verbose installManyTop reading scoped package data from D:\gitwork\projecthub\test\react\demo7\node_modules\brace-expansion\package.json
114 verbose installManyTop reading scoped package data from D:\gitwork\projecthub\test\react\demo7\node_modules\braces\package.json
115 verbose installManyTop reading scoped package data from D:\gitwork\projecthub\test\react\demo7\node_modules\browserify-zlib\package.json
116 verbose installManyTop reading scoped package data from D:\gitwork\projecthub\test\react\demo7\node_modules\browserslist\package.json
117 verbose installManyTop reading scoped package data from D:\gitwork\projecthub\test\react\demo7\node_modules\buffer\package.json
118 verbose installManyTop reading scoped package data from D:\gitwork\projecthub\test\react\demo7\node_modules\bytes\package.json
119 verbose installManyTop reading scoped package data from D:\gitwork\projecthub\test\react\demo7\node_modules\camelcase\package.json
120 verbose installManyTop reading scoped package data from D:\gitwork\projecthub\test\react\demo7\node_modules\caniuse-db\package.json
121 verbose installManyTop reading scoped package data from D:\gitwork\projecthub\test\react\demo7\node_modules\center-align\package.json
122 verbose installManyTop reading scoped package data from D:\gitwork\projecthub\test\react\demo7\node_modules\chalk\package.json
123 verbose installManyTop reading scoped package data from D:\gitwork\projecthub\test\react\demo7\node_modules\chokidar\package.json
124 verbose installManyTop reading scoped package data from D:\gitwork\projecthub\test\react\demo7\node_modules\clap\package.json
125 verbose installManyTop reading scoped package data from D:\gitwork\projecthub\test\react\demo7\node_modules\cliui\package.json
126 verbose installManyTop reading scoped package data from D:\gitwork\projecthub\test\react\demo7\node_modules\clone\package.json
127 verbose installManyTop reading scoped package data from D:\gitwork\projecthub\test\react\demo7\node_modules\coa\package.json
128 verbose installManyTop reading scoped package data from D:\gitwork\projecthub\test\react\demo7\node_modules\color\package.json
129 verbose installManyTop reading scoped package data from D:\gitwork\projecthub\test\react\demo7\node_modules\color-convert\package.json
130 verbose installManyTop reading scoped package data from D:\gitwork\projecthub\test\react\demo7\node_modules\color-name\package.json
131 verbose installManyTop reading scoped package data from D:\gitwork\projecthub\test\react\demo7\node_modules\color-string\package.json
132 verbose installManyTop reading scoped package data from D:\gitwork\projecthub\test\react\demo7\node_modules\colormin\package.json
133 verbose installManyTop reading scoped package data from D:\gitwork\projecthub\test\react\demo7\node_modules\colors\package.json
134 verbose installManyTop reading scoped package data from D:\gitwork\projecthub\test\react\demo7\node_modules\compressible\package.json
135 verbose installManyTop reading scoped package data from D:\gitwork\projecthub\test\react\demo7\node_modules\compression\package.json
136 verbose installManyTop reading scoped package data from D:\gitwork\projecthub\test\react\demo7\node_modules\concat-map\package.json
137 verbose installManyTop reading scoped package data from D:\gitwork\projecthub\test\react\demo7\node_modules\connect-history-api-fallback\package.json
138 verbose installManyTop reading scoped package data from D:\gitwork\projecthub\test\react\demo7\node_modules\console-browserify\package.json
139 verbose installManyTop reading scoped package data from D:\gitwork\projecthub\test\react\demo7\node_modules\constants-browserify\package.json
140 verbose installManyTop reading scoped package data from D:\gitwork\projecthub\test\react\demo7\node_modules\content-disposition\package.json
141 verbose installManyTop reading scoped package data from D:\gitwork\projecthub\test\react\demo7\node_modules\content-type\package.json
142 verbose installManyTop reading scoped package data from D:\gitwork\projecthub\test\react\demo7\node_modules\convert-source-map\package.json
143 verbose installManyTop reading scoped package data from D:\gitwork\projecthub\test\react\demo7\node_modules\cookie\package.json
144 verbose installManyTop reading scoped package data from D:\gitwork\projecthub\test\react\demo7\node_modules\cookie-signature\package.json
145 verbose installManyTop reading scoped package data from D:\gitwork\projecthub\test\react\demo7\node_modules\core-js\package.json
146 verbose installManyTop reading scoped package data from D:\gitwork\projecthub\test\react\demo7\node_modules\core-util-is\package.json
147 verbose installManyTop reading scoped package data from D:\gitwork\projecthub\test\react\demo7\node_modules\crypto-browserify\package.json
148 verbose installManyTop reading scoped package data from D:\gitwork\projecthub\test\react\demo7\node_modules\css-color-names\package.json
149 verbose installManyTop reading scoped package data from D:\gitwork\projecthub\test\react\demo7\node_modules\css-loader\package.json
150 verbose installManyTop reading scoped package data from D:\gitwork\projecthub\test\react\demo7\node_modules\css-selector-tokenizer\package.json
151 verbose installManyTop reading scoped package data from D:\gitwork\projecthub\test\react\demo7\node_modules\cssesc\package.json
152 verbose installManyTop reading scoped package data from D:\gitwork\projecthub\test\react\demo7\node_modules\cssnano\package.json
153 verbose installManyTop reading scoped package data from D:\gitwork\projecthub\test\react\demo7\node_modules\csso\package.json
154 verbose installManyTop reading scoped package data from D:\gitwork\projecthub\test\react\demo7\node_modules\date-now\package.json
155 verbose installManyTop reading scoped package data from D:\gitwork\projecthub\test\react\demo7\node_modules\debug\package.json
156 verbose installManyTop reading scoped package data from D:\gitwork\projecthub\test\react\demo7\node_modules\decamelize\package.json
157 verbose installManyTop reading scoped package data from D:\gitwork\projecthub\test\react\demo7\node_modules\defined\package.json
158 verbose installManyTop reading scoped package data from D:\gitwork\projecthub\test\react\demo7\node_modules\depd\package.json
159 verbose installManyTop reading scoped package data from D:\gitwork\projecthub\test\react\demo7\node_modules\destroy\package.json
160 verbose installManyTop reading scoped package data from D:\gitwork\projecthub\test\react\demo7\node_modules\detect-indent\package.json
161 verbose installManyTop reading scoped package data from D:\gitwork\projecthub\test\react\demo7\node_modules\domain-browser\package.json
162 verbose installManyTop reading scoped package data from D:\gitwork\projecthub\test\react\demo7\node_modules\ee-first\package.json
163 verbose installManyTop reading scoped package data from D:\gitwork\projecthub\test\react\demo7\node_modules\enhanced-resolve\package.json
164 verbose installManyTop reading scoped package data from D:\gitwork\projecthub\test\react\demo7\node_modules\envify\package.json
165 verbose installManyTop reading scoped package data from D:\gitwork\projecthub\test\react\demo7\node_modules\errno\package.json
166 verbose installManyTop reading scoped package data from D:\gitwork\projecthub\test\react\demo7\node_modules\escape-html\package.json
167 verbose installManyTop reading scoped package data from D:\gitwork\projecthub\test\react\demo7\node_modules\escape-string-regexp\package.json
168 verbose installManyTop reading scoped package data from D:\gitwork\projecthub\test\react\demo7\node_modules\eslint-config-standard\package.json
169 verbose installManyTop reading scoped package data from D:\gitwork\projecthub\test\react\demo7\node_modules\eslint-plugin-react\package.json
170 verbose installManyTop reading scoped package data from D:\gitwork\projecthub\test\react\demo7\node_modules\eslint-plugin-standard\package.json
171 verbose installManyTop reading scoped package data from D:\gitwork\projecthub\test\react\demo7\node_modules\esprima-fb\package.json
172 verbose installManyTop reading scoped package data from D:\gitwork\projecthub\test\react\demo7\node_modules\esutils\package.json
173 verbose installManyTop reading scoped package data from D:\gitwork\projecthub\test\react\demo7\node_modules\etag\package.json
174 verbose installManyTop reading scoped package data from D:\gitwork\projecthub\test\react\demo7\node_modules\eventemitter3\package.json
175 verbose installManyTop reading scoped package data from D:\gitwork\projecthub\test\react\demo7\node_modules\events\package.json
176 verbose installManyTop reading scoped package data from D:\gitwork\projecthub\test\react\demo7\node_modules\eventsource\package.json
177 verbose installManyTop reading scoped package data from D:\gitwork\projecthub\test\react\demo7\node_modules\expand-brackets\package.json
178 verbose installManyTop reading scoped package data from D:\gitwork\projecthub\test\react\demo7\node_modules\expand-range\package.json
179 verbose installManyTop reading scoped package data from D:\gitwork\projecthub\test\react\demo7\node_modules\express\package.json
180 verbose installManyTop reading scoped package data from D:\gitwork\projecthub\test\react\demo7\node_modules\extglob\package.json
181 verbose installManyTop reading scoped package data from D:\gitwork\projecthub\test\react\demo7\node_modules\fastparse\package.json
182 verbose installManyTop reading scoped package data from D:\gitwork\projecthub\test\react\demo7\node_modules\faye-websocket\package.json
183 verbose installManyTop reading scoped package data from D:\gitwork\projecthub\test\react\demo7\node_modules\fbjs\package.json
184 verbose installManyTop reading scoped package data from D:\gitwork\projecthub\test\react\demo7\node_modules\file-loader\package.json
185 verbose installManyTop reading scoped package data from D:\gitwork\projecthub\test\react\demo7\node_modules\filename-regex\package.json
186 verbose installManyTop reading scoped package data from D:\gitwork\projecthub\test\react\demo7\node_modules\fill-range\package.json
187 verbose installManyTop reading scoped package data from D:\gitwork\projecthub\test\react\demo7\node_modules\finalhandler\package.json
188 verbose installManyTop reading scoped package data from D:\gitwork\projecthub\test\react\demo7\node_modules\flatten\package.json
189 verbose installManyTop reading scoped package data from D:\gitwork\projecthub\test\react\demo7\node_modules\for-in\package.json
190 verbose installManyTop reading scoped package data from D:\gitwork\projecthub\test\react\demo7\node_modules\for-own\package.json
191 verbose installManyTop reading scoped package data from D:\gitwork\projecthub\test\react\demo7\node_modules\forwarded\package.json
192 verbose installManyTop reading scoped package data from D:\gitwork\projecthub\test\react\demo7\node_modules\fresh\package.json
193 verbose installManyTop reading scoped package data from D:\gitwork\projecthub\test\react\demo7\node_modules\get-stdin\package.json
194 verbose installManyTop reading scoped package data from D:\gitwork\projecthub\test\react\demo7\node_modules\glob-base\package.json
195 verbose installManyTop reading scoped package data from D:\gitwork\projecthub\test\react\demo7\node_modules\glob-parent\package.json
196 verbose installManyTop reading scoped package data from D:\gitwork\projecthub\test\react\demo7\node_modules\globals\package.json
197 verbose installManyTop reading scoped package data from D:\gitwork\projecthub\test\react\demo7\node_modules\graceful-fs\package.json
198 verbose installManyTop reading scoped package data from D:\gitwork\projecthub\test\react\demo7\node_modules\has-ansi\package.json
199 verbose installManyTop reading scoped package data from D:\gitwork\projecthub\test\react\demo7\node_modules\has-flag\package.json
200 verbose installManyTop reading scoped package data from D:\gitwork\projecthub\test\react\demo7\node_modules\has-own\package.json
201 verbose installManyTop reading scoped package data from D:\gitwork\projecthub\test\react\demo7\node_modules\home-or-tmp\package.json
202 verbose installManyTop reading scoped package data from D:\gitwork\projecthub\test\react\demo7\node_modules\http-browserify\package.json
203 verbose installManyTop reading scoped package data from D:\gitwork\projecthub\test\react\demo7\node_modules\http-errors\package.json
204 verbose installManyTop reading scoped package data from D:\gitwork\projecthub\test\react\demo7\node_modules\http-proxy\package.json
205 verbose installManyTop reading scoped package data from D:\gitwork\projecthub\test\react\demo7\node_modules\https-browserify\package.json
206 verbose installManyTop reading scoped package data from D:\gitwork\projecthub\test\react\demo7\node_modules\icss-replace-symbols\package.json
207 verbose installManyTop reading scoped package data from D:\gitwork\projecthub\test\react\demo7\node_modules\ieee754\package.json
208 verbose installManyTop reading scoped package data from D:\gitwork\projecthub\test\react\demo7\node_modules\indexes-of\package.json
209 verbose installManyTop reading scoped package data from D:\gitwork\projecthub\test\react\demo7\node_modules\indexof\package.json
210 verbose installManyTop reading scoped package data from D:\gitwork\projecthub\test\react\demo7\node_modules\inherit\package.json
211 verbose installManyTop reading scoped package data from D:\gitwork\projecthub\test\react\demo7\node_modules\inherits\package.json
212 verbose installManyTop reading scoped package data from D:\gitwork\projecthub\test\react\demo7\node_modules\interpret\package.json
213 verbose installManyTop reading scoped package data from D:\gitwork\projecthub\test\react\demo7\node_modules\invariant\package.json
214 verbose installManyTop reading scoped package data from D:\gitwork\projecthub\test\react\demo7\node_modules\ipaddr.js\package.json
215 verbose installManyTop reading scoped package data from D:\gitwork\projecthub\test\react\demo7\node_modules\is-absolute-url\package.json
216 verbose installManyTop reading scoped package data from D:\gitwork\projecthub\test\react\demo7\node_modules\is-binary-path\package.json
217 verbose installManyTop reading scoped package data from D:\gitwork\projecthub\test\react\demo7\node_modules\is-buffer\package.json
218 verbose installManyTop reading scoped package data from D:\gitwork\projecthub\test\react\demo7\node_modules\is-dotfile\package.json
219 verbose installManyTop reading scoped package data from D:\gitwork\projecthub\test\react\demo7\node_modules\is-equal-shallow\package.json
220 verbose installManyTop reading scoped package data from D:\gitwork\projecthub\test\react\demo7\node_modules\is-extendable\package.json
221 verbose installManyTop reading scoped package data from D:\gitwork\projecthub\test\react\demo7\node_modules\is-extglob\package.json
222 verbose installManyTop reading scoped package data from D:\gitwork\projecthub\test\react\demo7\node_modules\is-finite\package.json
223 verbose installManyTop reading scoped package data from D:\gitwork\projecthub\test\react\demo7\node_modules\is-glob\package.json
224 verbose installManyTop reading scoped package data from D:\gitwork\projecthub\test\react\demo7\node_modules\is-integer\package.json
225 verbose installManyTop reading scoped package data from D:\gitwork\projecthub\test\react\demo7\node_modules\is-number\package.json
226 verbose installManyTop reading scoped package data from D:\gitwork\projecthub\test\react\demo7\node_modules\is-plain-obj\package.json
227 verbose installManyTop reading scoped package data from D:\gitwork\projecthub\test\react\demo7\node_modules\is-primitive\package.json
228 verbose installManyTop reading scoped package data from D:\gitwork\projecthub\test\react\demo7\node_modules\is-svg\package.json
229 verbose installManyTop reading scoped package data from D:\gitwork\projecthub\test\react\demo7\node_modules\isarray\package.json
230 verbose installManyTop reading scoped package data from D:\gitwork\projecthub\test\react\demo7\node_modules\isobject\package.json
231 verbose installManyTop reading scoped package data from D:\gitwork\projecthub\test\react\demo7\node_modules\js-base64\package.json
232 verbose installManyTop reading scoped package data from D:\gitwork\projecthub\test\react\demo7\node_modules\js-tokens\package.json
233 verbose installManyTop reading scoped package data from D:\gitwork\projecthub\test\react\demo7\node_modules\js-yaml\package.json
234 verbose installManyTop reading scoped package data from D:\gitwork\projecthub\test\react\demo7\node_modules\jsesc\package.json
235 verbose installManyTop reading scoped package data from D:\gitwork\projecthub\test\react\demo7\node_modules\json3\package.json
236 verbose installManyTop reading scoped package data from D:\gitwork\projecthub\test\react\demo7\node_modules\json5\package.json
237 verbose installManyTop reading scoped package data from D:\gitwork\projecthub\test\react\demo7\node_modules\jstransform\package.json
238 verbose installManyTop reading scoped package data from D:\gitwork\projecthub\test\react\demo7\node_modules\kind-of\package.json
239 verbose installManyTop reading scoped package data from D:\gitwork\projecthub\test\react\demo7\node_modules\lazy-cache\package.json
240 verbose installManyTop reading scoped package data from D:\gitwork\projecthub\test\react\demo7\node_modules\left-pad\package.json
241 verbose installManyTop reading scoped package data from D:\gitwork\projecthub\test\react\demo7\node_modules\line-numbers\package.json
242 verbose installManyTop reading scoped package data from D:\gitwork\projecthub\test\react\demo7\node_modules\loader-utils\package.json
243 verbose installManyTop reading scoped package data from D:\gitwork\projecthub\test\react\demo7\node_modules\lodash\package.json
244 verbose installManyTop reading scoped package data from D:\gitwork\projecthub\test\react\demo7\node_modules\lodash._createcompounder\package.json
245 verbose installManyTop reading scoped package data from D:\gitwork\projecthub\test\react\demo7\node_modules\lodash._root\package.json
246 verbose installManyTop reading scoped package data from D:\gitwork\projecthub\test\react\demo7\node_modules\lodash.camelcase\package.json
247 verbose installManyTop reading scoped package data from D:\gitwork\projecthub\test\react\demo7\node_modules\lodash.deburr\package.json
248 verbose installManyTop reading scoped package data from D:\gitwork\projecthub\test\react\demo7\node_modules\lodash.words\package.json
249 verbose installManyTop reading scoped package data from D:\gitwork\projecthub\test\react\demo7\node_modules\longest\package.json
250 verbose installManyTop reading scoped package data from D:\gitwork\projecthub\test\react\demo7\node_modules\loose-envify\package.json
251 verbose installManyTop reading scoped package data from D:\gitwork\projecthub\test\react\demo7\node_modules\media-typer\package.json
252 verbose installManyTop reading scoped package data from D:\gitwork\projecthub\test\react\demo7\node_modules\memory-fs\package.json
253 verbose installManyTop reading scoped package data from D:\gitwork\projecthub\test\react\demo7\node_modules\merge-descriptors\package.json
254 verbose installManyTop reading scoped package data from D:\gitwork\projecthub\test\react\demo7\node_modules\methods\package.json
255 verbose installManyTop reading scoped package data from D:\gitwork\projecthub\test\react\demo7\node_modules\micromatch\package.json
256 verbose installManyTop reading scoped package data from D:\gitwork\projecthub\test\react\demo7\node_modules\mime\package.json
257 verbose installManyTop reading scoped package data from D:\gitwork\projecthub\test\react\demo7\node_modules\mime-db\package.json
258 verbose installManyTop reading scoped package data from D:\gitwork\projecthub\test\react\demo7\node_modules\mime-types\package.json
259 verbose installManyTop reading scoped package data from D:\gitwork\projecthub\test\react\demo7\node_modules\minimatch\package.json
260 verbose installManyTop reading scoped package data from D:\gitwork\projecthub\test\react\demo7\node_modules\minimist\package.json
261 verbose installManyTop reading scoped package data from D:\gitwork\projecthub\test\react\demo7\node_modules\mkdirp\package.json
262 verbose installManyTop reading scoped package data from D:\gitwork\projecthub\test\react\demo7\node_modules\ms\package.json
263 verbose installManyTop reading scoped package data from D:\gitwork\projecthub\test\react\demo7\node_modules\negotiator\package.json
264 verbose installManyTop reading scoped package data from D:\gitwork\projecthub\test\react\demo7\node_modules\node-libs-browser\package.json
265 verbose installManyTop reading scoped package data from D:\gitwork\projecthub\test\react\demo7\node_modules\node-uuid\package.json
266 verbose installManyTop reading scoped package data from D:\gitwork\projecthub\test\react\demo7\node_modules\normalize-path\package.json
267 verbose installManyTop reading scoped package data from D:\gitwork\projecthub\test\react\demo7\node_modules\normalize-range\package.json
268 verbose installManyTop reading scoped package data from D:\gitwork\projecthub\test\react\demo7\node_modules\normalize-url\package.json
269 verbose installManyTop reading scoped package data from D:\gitwork\projecthub\test\react\demo7\node_modules\num2fraction\package.json
270 verbose installManyTop reading scoped package data from D:\gitwork\projecthub\test\react\demo7\node_modules\number-is-nan\package.json
271 verbose installManyTop reading scoped package data from D:\gitwork\projecthub\test\react\demo7\node_modules\object-assign\package.json
272 verbose installManyTop reading scoped package data from D:\gitwork\projecthub\test\react\demo7\node_modules\object.omit\package.json
273 verbose installManyTop reading scoped package data from D:\gitwork\projecthub\test\react\demo7\node_modules\on-finished\package.json
274 verbose installManyTop reading scoped package data from D:\gitwork\projecthub\test\react\demo7\node_modules\on-headers\package.json
275 verbose installManyTop reading scoped package data from D:\gitwork\projecthub\test\react\demo7\node_modules\optimist\package.json
276 verbose installManyTop reading scoped package data from D:\gitwork\projecthub\test\react\demo7\node_modules\original\package.json
277 verbose installManyTop reading scoped package data from D:\gitwork\projecthub\test\react\demo7\node_modules\os-browserify\package.json
278 verbose installManyTop reading scoped package data from D:\gitwork\projecthub\test\react\demo7\node_modules\os-tmpdir\package.json
279 verbose installManyTop reading scoped package data from D:\gitwork\projecthub\test\react\demo7\node_modules\pako\package.json
280 verbose installManyTop reading scoped package data from D:\gitwork\projecthub\test\react\demo7\node_modules\parse-glob\package.json
281 verbose installManyTop reading scoped package data from D:\gitwork\projecthub\test\react\demo7\node_modules\parseurl\package.json
282 verbose installManyTop reading scoped package data from D:\gitwork\projecthub\test\react\demo7\node_modules\path-browserify\package.json
283 verbose installManyTop reading scoped package data from D:\gitwork\projecthub\test\react\demo7\node_modules\path-exists\package.json
284 verbose installManyTop reading scoped package data from D:\gitwork\projecthub\test\react\demo7\node_modules\path-is-absolute\package.json
285 verbose installManyTop reading scoped package data from D:\gitwork\projecthub\test\react\demo7\node_modules\path-to-regexp\package.json
286 verbose installManyTop reading scoped package data from D:\gitwork\projecthub\test\react\demo7\node_modules\pbkdf2-compat\package.json
287 verbose installManyTop reading scoped package data from D:\gitwork\projecthub\test\react\demo7\node_modules\postcss\package.json
288 verbose installManyTop reading scoped package data from D:\gitwork\projecthub\test\react\demo7\node_modules\postcss-calc\package.json
289 verbose installManyTop reading scoped package data from D:\gitwork\projecthub\test\react\demo7\node_modules\postcss-colormin\package.json
290 verbose installManyTop reading scoped package data from D:\gitwork\projecthub\test\react\demo7\node_modules\postcss-convert-values\package.json
291 verbose installManyTop reading scoped package data from D:\gitwork\projecthub\test\react\demo7\node_modules\postcss-discard-comments\package.json
292 verbose installManyTop reading scoped package data from D:\gitwork\projecthub\test\react\demo7\node_modules\postcss-discard-duplicates\package.json
293 verbose installManyTop reading scoped package data from D:\gitwork\projecthub\test\react\demo7\node_modules\postcss-discard-empty\package.json
294 verbose installManyTop reading scoped package data from D:\gitwork\projecthub\test\react\demo7\node_modules\postcss-discard-unused\package.json
295 verbose installManyTop reading scoped package data from D:\gitwork\projecthub\test\react\demo7\node_modules\postcss-filter-plugins\package.json
296 verbose installManyTop reading scoped package data from D:\gitwork\projecthub\test\react\demo7\node_modules\postcss-merge-idents\package.json
297 verbose installManyTop reading scoped package data from D:\gitwork\projecthub\test\react\demo7\node_modules\postcss-merge-longhand\package.json
298 verbose installManyTop reading scoped package data from D:\gitwork\projecthub\test\react\demo7\node_modules\postcss-merge-rules\package.json
299 verbose installManyTop reading scoped package data from D:\gitwork\projecthub\test\react\demo7\node_modules\postcss-message-helpers\package.json
300 verbose installManyTop reading scoped package data from D:\gitwork\projecthub\test\react\demo7\node_modules\postcss-minify-font-values\package.json
301 verbose installManyTop reading scoped package data from D:\gitwork\projecthub\test\react\demo7\node_modules\postcss-minify-gradients\package.json
302 verbose installManyTop reading scoped package data from D:\gitwork\projecthub\test\react\demo7\node_modules\postcss-minify-params\package.json
303 verbose installManyTop reading scoped package data from D:\gitwork\projecthub\test\react\demo7\node_modules\postcss-minify-selectors\package.json
304 verbose installManyTop reading scoped package data from D:\gitwork\projecthub\test\react\demo7\node_modules\postcss-modules-extract-imports\package.json
305 verbose installManyTop reading scoped package data from D:\gitwork\projecthub\test\react\demo7\node_modules\postcss-modules-local-by-default\package.json
306 verbose installManyTop reading scoped package data from D:\gitwork\projecthub\test\react\demo7\node_modules\postcss-modules-scope\package.json
307 verbose installManyTop reading scoped package data from D:\gitwork\projecthub\test\react\demo7\node_modules\postcss-modules-values\package.json
308 verbose installManyTop reading scoped package data from D:\gitwork\projecthub\test\react\demo7\node_modules\postcss-normalize-charset\package.json
309 verbose installManyTop reading scoped package data from D:\gitwork\projecthub\test\react\demo7\node_modules\postcss-normalize-url\package.json
310 verbose installManyTop reading scoped package data from D:\gitwork\projecthub\test\react\demo7\node_modules\postcss-ordered-values\package.json
311 verbose installManyTop reading scoped package data from D:\gitwork\projecthub\test\react\demo7\node_modules\postcss-reduce-idents\package.json
312 verbose installManyTop reading scoped package data from D:\gitwork\projecthub\test\react\demo7\node_modules\postcss-reduce-transforms\package.json
313 verbose installManyTop reading scoped package data from D:\gitwork\projecthub\test\react\demo7\node_modules\postcss-selector-parser\package.json
314 verbose installManyTop reading scoped package data from D:\gitwork\projecthub\test\react\demo7\node_modules\postcss-svgo\package.json
315 verbose installManyTop reading scoped package data from D:\gitwork\projecthub\test\react\demo7\node_modules\postcss-unique-selectors\package.json
316 verbose installManyTop reading scoped package data from D:\gitwork\projecthub\test\react\demo7\node_modules\postcss-value-parser\package.json
317 verbose installManyTop reading scoped package data from D:\gitwork\projecthub\test\react\demo7\node_modules\postcss-zindex\package.json
318 verbose installManyTop reading scoped package data from D:\gitwork\projecthub\test\react\demo7\node_modules\prepend-http\package.json
319 verbose installManyTop reading scoped package data from D:\gitwork\projecthub\test\react\demo7\node_modules\preserve\package.json
320 verbose installManyTop reading scoped package data from D:\gitwork\projecthub\test\react\demo7\node_modules\private\package.json
321 verbose installManyTop reading scoped package data from D:\gitwork\projecthub\test\react\demo7\node_modules\process\package.json
322 verbose installManyTop reading scoped package data from D:\gitwork\projecthub\test\react\demo7\node_modules\process-nextick-args\package.json
323 verbose installManyTop reading scoped package data from D:\gitwork\projecthub\test\react\demo7\node_modules\promise\package.json
324 verbose installManyTop reading scoped package data from D:\gitwork\projecthub\test\react\demo7\node_modules\proxy-addr\package.json
325 verbose installManyTop reading scoped package data from D:\gitwork\projecthub\test\react\demo7\node_modules\prr\package.json
326 verbose installManyTop reading scoped package data from D:\gitwork\projecthub\test\react\demo7\node_modules\punycode\package.json
327 verbose installManyTop reading scoped package data from D:\gitwork\projecthub\test\react\demo7\node_modules\q\package.json
328 verbose installManyTop reading scoped package data from D:\gitwork\projecthub\test\react\demo7\node_modules\qs\package.json
329 verbose installManyTop reading scoped package data from D:\gitwork\projecthub\test\react\demo7\node_modules\query-string\package.json
330 verbose installManyTop reading scoped package data from D:\gitwork\projecthub\test\react\demo7\node_modules\querystring\package.json
331 verbose installManyTop reading scoped package data from D:\gitwork\projecthub\test\react\demo7\node_modules\querystring-es3\package.json
332 verbose installManyTop reading scoped package data from D:\gitwork\projecthub\test\react\demo7\node_modules\querystringify\package.json
333 verbose installManyTop reading scoped package data from D:\gitwork\projecthub\test\react\demo7\node_modules\randomatic\package.json
334 verbose installManyTop reading scoped package data from D:\gitwork\projecthub\test\react\demo7\node_modules\range-parser\package.json
335 verbose installManyTop reading scoped package data from D:\gitwork\projecthub\test\react\demo7\node_modules\react\package.json
336 verbose installManyTop reading scoped package data from D:\gitwork\projecthub\test\react\demo7\node_modules\react-dom\package.json
337 verbose installManyTop reading scoped package data from D:\gitwork\projecthub\test\react\demo7\node_modules\readable-stream\package.json
338 verbose installManyTop reading scoped package data from D:\gitwork\projecthub\test\react\demo7\node_modules\readdirp\package.json
339 verbose installManyTop reading scoped package data from D:\gitwork\projecthub\test\react\demo7\node_modules\reduce-css-calc\package.json
340 verbose installManyTop reading scoped package data from D:\gitwork\projecthub\test\react\demo7\node_modules\reduce-function-call\package.json
341 verbose installManyTop reading scoped package data from D:\gitwork\projecthub\test\react\demo7\node_modules\regenerate\package.json
342 verbose installManyTop reading scoped package data from D:\gitwork\projecthub\test\react\demo7\node_modules\regex-cache\package.json
343 verbose installManyTop reading scoped package data from D:\gitwork\projecthub\test\react\demo7\node_modules\regexpu-core\package.json
344 verbose installManyTop reading scoped package data from D:\gitwork\projecthub\test\react\demo7\node_modules\regjsgen\package.json
345 verbose installManyTop reading scoped package data from D:\gitwork\projecthub\test\react\demo7\node_modules\regjsparser\package.json
346 verbose installManyTop reading scoped package data from D:\gitwork\projecthub\test\react\demo7\node_modules\repeat-element\package.json
347 verbose installManyTop reading scoped package data from D:\gitwork\projecthub\test\react\demo7\node_modules\repeat-string\package.json
348 verbose installManyTop reading scoped package data from D:\gitwork\projecthub\test\react\demo7\node_modules\repeating\package.json
349 verbose installManyTop reading scoped package data from D:\gitwork\projecthub\test\react\demo7\node_modules\requires-port\package.json
350 verbose installManyTop reading scoped package data from D:\gitwork\projecthub\test\react\demo7\node_modules\right-align\package.json
351 verbose installManyTop reading scoped package data from D:\gitwork\projecthub\test\react\demo7\node_modules\ripemd160\package.json
352 verbose installManyTop reading scoped package data from D:\gitwork\projecthub\test\react\demo7\node_modules\sax\package.json
353 verbose installManyTop reading scoped package data from D:\gitwork\projecthub\test\react\demo7\node_modules\send\package.json
354 verbose installManyTop reading scoped package data from D:\gitwork\projecthub\test\react\demo7\node_modules\serve-index\package.json
355 verbose installManyTop reading scoped package data from D:\gitwork\projecthub\test\react\demo7\node_modules\serve-static\package.json
356 verbose installManyTop reading scoped package data from D:\gitwork\projecthub\test\react\demo7\node_modules\sha.js\package.json
357 verbose installManyTop reading scoped package data from D:\gitwork\projecthub\test\react\demo7\node_modules\shebang-regex\package.json
358 verbose installManyTop reading scoped package data from D:\gitwork\projecthub\test\react\demo7\node_modules\slash\package.json
359 verbose installManyTop reading scoped package data from D:\gitwork\projecthub\test\react\demo7\node_modules\sockjs\package.json
360 verbose installManyTop reading scoped package data from D:\gitwork\projecthub\test\react\demo7\node_modules\sockjs-client\package.json
361 verbose installManyTop reading scoped package data from D:\gitwork\projecthub\test\react\demo7\node_modules\sort-keys\package.json
362 verbose installManyTop reading scoped package data from D:\gitwork\projecthub\test\react\demo7\node_modules\source-list-map\package.json
363 verbose installManyTop reading scoped package data from D:\gitwork\projecthub\test\react\demo7\node_modules\source-map\package.json
364 verbose installManyTop reading scoped package data from D:\gitwork\projecthub\test\react\demo7\node_modules\source-map-support\package.json
365 verbose installManyTop reading scoped package data from D:\gitwork\projecthub\test\react\demo7\node_modules\sprintf-js\package.json
366 verbose installManyTop reading scoped package data from D:\gitwork\projecthub\test\react\demo7\node_modules\statuses\package.json
367 verbose installManyTop reading scoped package data from D:\gitwork\projecthub\test\react\demo7\node_modules\stream-browserify\package.json
368 verbose installManyTop reading scoped package data from D:\gitwork\projecthub\test\react\demo7\node_modules\stream-cache\package.json
369 verbose installManyTop reading scoped package data from D:\gitwork\projecthub\test\react\demo7\node_modules\strict-uri-encode\package.json
370 verbose installManyTop reading scoped package data from D:\gitwork\projecthub\test\react\demo7\node_modules\string_decoder\package.json
371 verbose installManyTop reading scoped package data from D:\gitwork\projecthub\test\react\demo7\node_modules\strip-ansi\package.json
372 verbose installManyTop reading scoped package data from D:\gitwork\projecthub\test\react\demo7\node_modules\style-loader\package.json
373 verbose installManyTop reading scoped package data from D:\gitwork\projecthub\test\react\demo7\node_modules\supports-color\package.json
374 verbose installManyTop reading scoped package data from D:\gitwork\projecthub\test\react\demo7\node_modules\svgo\package.json
375 verbose installManyTop reading scoped package data from D:\gitwork\projecthub\test\react\demo7\node_modules\tapable\package.json
376 verbose installManyTop reading scoped package data from D:\gitwork\projecthub\test\react\demo7\node_modules\through\package.json
377 verbose installManyTop reading scoped package data from D:\gitwork\projecthub\test\react\demo7\node_modules\timers-browserify\package.json
378 verbose installManyTop reading scoped package data from D:\gitwork\projecthub\test\react\demo7\node_modules\to-fast-properties\package.json
379 verbose installManyTop reading scoped package data from D:\gitwork\projecthub\test\react\demo7\node_modules\trim-right\package.json
380 verbose installManyTop reading scoped package data from D:\gitwork\projecthub\test\react\demo7\node_modules\tty-browserify\package.json
381 verbose installManyTop reading scoped package data from D:\gitwork\projecthub\test\react\demo7\node_modules\type-is\package.json
382 verbose installManyTop reading scoped package data from D:\gitwork\projecthub\test\react\demo7\node_modules\ua-parser-js\package.json
383 verbose installManyTop reading scoped package data from D:\gitwork\projecthub\test\react\demo7\node_modules\uglify-js\package.json
384 verbose installManyTop reading scoped package data from D:\gitwork\projecthub\test\react\demo7\node_modules\uglify-to-browserify\package.json
385 verbose installManyTop reading scoped package data from D:\gitwork\projecthub\test\react\demo7\node_modules\uniq\package.json
386 verbose installManyTop reading scoped package data from D:\gitwork\projecthub\test\react\demo7\node_modules\uniqid\package.json
387 verbose installManyTop reading scoped package data from D:\gitwork\projecthub\test\react\demo7\node_modules\uniqs\package.json
388 verbose installManyTop reading scoped package data from D:\gitwork\projecthub\test\react\demo7\node_modules\unpipe\package.json
389 verbose installManyTop reading scoped package data from D:\gitwork\projecthub\test\react\demo7\node_modules\url\package.json
390 verbose installManyTop reading scoped package data from D:\gitwork\projecthub\test\react\demo7\node_modules\url-loader\package.json
391 verbose installManyTop reading scoped package data from D:\gitwork\projecthub\test\react\demo7\node_modules\url-parse\package.json
392 verbose installManyTop reading scoped package data from D:\gitwork\projecthub\test\react\demo7\node_modules\user-home\package.json
393 verbose installManyTop reading scoped package data from D:\gitwork\projecthub\test\react\demo7\node_modules\util\package.json
394 verbose installManyTop reading scoped package data from D:\gitwork\projecthub\test\react\demo7\node_modules\util-deprecate\package.json
395 verbose installManyTop reading scoped package data from D:\gitwork\projecthub\test\react\demo7\node_modules\utils-merge\package.json
396 verbose installManyTop reading scoped package data from D:\gitwork\projecthub\test\react\demo7\node_modules\vary\package.json
397 verbose installManyTop reading scoped package data from D:\gitwork\projecthub\test\react\demo7\node_modules\vm-browserify\package.json
398 verbose installManyTop reading scoped package data from D:\gitwork\projecthub\test\react\demo7\node_modules\watchpack\package.json
399 verbose installManyTop reading scoped package data from D:\gitwork\projecthub\test\react\demo7\node_modules\webpack\package.json
400 verbose installManyTop reading scoped package data from D:\gitwork\projecthub\test\react\demo7\node_modules\webpack-core\package.json
401 verbose installManyTop reading scoped package data from D:\gitwork\projecthub\test\react\demo7\node_modules\webpack-dev-middleware\package.json
402 verbose installManyTop reading scoped package data from D:\gitwork\projecthub\test\react\demo7\node_modules\webpack-dev-server\package.json
403 verbose installManyTop reading scoped package data from D:\gitwork\projecthub\test\react\demo7\node_modules\websocket-driver\package.json
404 verbose installManyTop reading scoped package data from D:\gitwork\projecthub\test\react\demo7\node_modules\websocket-extensions\package.json
405 verbose installManyTop reading scoped package data from D:\gitwork\projecthub\test\react\demo7\node_modules\whatwg-fetch\package.json
406 verbose installManyTop reading scoped package data from D:\gitwork\projecthub\test\react\demo7\node_modules\whet.extend\package.json
407 verbose installManyTop reading scoped package data from D:\gitwork\projecthub\test\react\demo7\node_modules\window-size\package.json
408 verbose installManyTop reading scoped package data from D:\gitwork\projecthub\test\react\demo7\node_modules\wordwrap\package.json
409 verbose installManyTop reading scoped package data from D:\gitwork\projecthub\test\react\demo7\node_modules\yargs\package.json
410 info package.json Base64@0.2.1 No license field.
411 info package.json arr-flatten@1.0.1 license should be a valid SPDX license expression
412 info package.json array-unique@0.2.1 license should be a valid SPDX license expression
413 info package.json asap@2.0.3 license should be a valid SPDX license expression
414 info package.json assert@1.3.0 assert is also the name of a node core module.
415 info package.json babel-plugin-syntax-flow@6.5.0 No description
416 info package.json babel-plugin-syntax-jsx@6.5.0 No description
417 info package.json babel-plugin-transform-regenerator@6.5.2 No repository field.
418 info package.json babel-plugin-transform-regenerator@6.5.2 license should be a valid SPDX license expression
419 info package.json babel-traverse@6.5.0 No description
420 info package.json base62@0.1.1 No license field.
421 info package.json batch@0.5.3 No license field.
422 info package.json buffer@3.6.0 buffer is also the name of a node core module.
423 info package.json coa@1.0.1 No license field.
424 info package.json console-browserify@1.1.0 No license field.
425 info package.json cssesc@0.1.0 No license field.
426 info package.json date-now@0.1.4 No license field.
427 info package.json enhanced-resolve@0.9.1 No license field.
428 info package.json esprima-fb@13001.1001.0-dev-harmony-fb No license field.
429 info package.json esutils@2.0.2 No license field.
430 info package.json events@1.1.0 events is also the name of a node core module.
431 info package.json eventsource@0.1.6 No license field.
432 info package.json expand-range@1.8.1 license should be a valid SPDX license expression
433 info package.json filename-regex@2.0.0 license should be a valid SPDX license expression
434 info package.json for-in@0.1.4 license should be a valid SPDX license expression
435 info package.json for-own@0.1.3 license should be a valid SPDX license expression
436 info package.json glob-base@0.3.0 license should be a valid SPDX license expression
437 info package.json indexof@0.0.1 No repository field.
438 info package.json indexof@0.0.1 No license field.
439 info package.json is-primitive@2.0.0 license should be a valid SPDX license expression
440 info package.json js-base64@2.1.9 license should be a valid SPDX license expression
441 info package.json jsesc@0.5.0 No license field.
442 info package.json http-browserify@1.7.0 license should be a valid SPDX license expression
443 info package.json json3@3.3.2 No license field.
444 info package.json jstransform@10.1.0 No license field.
445 info package.json left-pad@0.0.3 license should be a valid SPDX license expression
446 info package.json longest@1.0.1 license should be a valid SPDX license expression
447 info package.json mime@1.3.4 No license field.
448 info package.json ms@0.7.1 No license field.
449 info package.json node-uuid@1.4.7 No license field.
450 info package.json optimist@0.6.1 license should be a valid SPDX license expression
451 info package.json pako@0.2.8 license should be a valid SPDX license expression
452 info package.json preserve@0.2.0 license should be a valid SPDX license expression
453 info package.json process@0.11.2 process is also the name of a node core module.
454 info package.json punycode@1.4.0 punycode is also the name of a node core module.
455 info package.json q@1.4.1 license should be a valid SPDX license expression
456 info package.json querystring@0.2.0 querystring is also the name of a node core module.
457 info package.json querystring@0.2.0 No license field.
458 info package.json querystring-es3@0.2.1 No license field.
459 info package.json regex-cache@0.4.2 license should be a valid SPDX license expression
460 info package.json regjsparser@0.1.5 license should be a valid SPDX license expression
461 info package.json repeat-element@1.1.2 license should be a valid SPDX license expression
462 info package.json repeat-string@1.5.2 license should be a valid SPDX license expression
463 info package.json ripemd160@0.2.0 No license field.
464 info package.json source-map@0.1.31 No license field.
465 info package.json source-map-support@0.2.10 No license field.
466 info package.json stream-cache@0.0.2 No license field.
467 info package.json string_decoder@0.10.31 string_decoder is also the name of a node core module.
468 info package.json timers-browserify@1.4.2 No license field.
469 info package.json ua-parser-js@0.7.10 No license field.
470 info package.json url@0.10.3 url is also the name of a node core module.
471 info package.json util@0.10.3 util is also the name of a node core module.
472 info package.json utils-merge@1.0.0 No license field.
473 info package.json webpack-core@0.6.8 No license field.
474 info package.json webpack-dev-middleware@1.5.1 No license field.
475 info package.json whatwg-fetch@0.9.0 No license field.
476 info package.json window-size@0.1.0 No license field.
477 verbose readDependencies loading dependencies from D:\gitwork\projecthub\test\react\demo7\package.json
478 silly cache add args [ 'react', null ]
479 verbose cache add spec react
480 silly cache add parsed spec Result {
480 silly cache add   raw: 'react',
480 silly cache add   scope: null,
480 silly cache add   name: 'react',
480 silly cache add   rawSpec: '',
480 silly cache add   spec: 'latest',
480 silly cache add   type: 'tag' }
481 silly addNamed react@latest
482 verbose addNamed "latest" is being treated as a dist-tag for react
483 info addNameTag [ 'react', 'latest' ]
484 silly mapToRegistry name react
485 silly mapToRegistry using default registry
486 silly mapToRegistry registry https://registry.npm.taobao.org/
487 silly mapToRegistry uri https://registry.npm.taobao.org/react
488 verbose addNameTag registry:https://registry.npm.taobao.org/react not in flight; fetching
489 verbose request uri https://registry.npm.taobao.org/react
490 verbose request no auth needed
491 info attempt registry request try #1 at 16:51:06
492 verbose request id e7c5bcc331958294
493 verbose etag "176bc-CsplLU0suplT7QS2Is80AQ"
494 http request GET https://registry.npm.taobao.org/react
495 http 200 https://registry.npm.taobao.org/react
496 verbose headers { date: 'Mon, 22 Feb 2016 08:51:16 GMT',
496 verbose headers   'content-type': 'application/json; charset=utf-8',
496 verbose headers   'content-length': '95983',
496 verbose headers   connection: 'keep-alive',
496 verbose headers   etag: '"176ef-a1VPZS8uELXXs1yNC0krzg"',
496 verbose headers   'x-readtime': '73' }
497 silly get cb [ 200,
497 silly get   { date: 'Mon, 22 Feb 2016 08:51:16 GMT',
497 silly get     'content-type': 'application/json; charset=utf-8',
497 silly get     'content-length': '95983',
497 silly get     connection: 'keep-alive',
497 silly get     etag: '"176ef-a1VPZS8uELXXs1yNC0krzg"',
497 silly get     'x-readtime': '73' } ]
498 verbose get saving react to C:\Users\admin\.cnpm\registry.npm.taobao.org\react\.cache.json
499 silly addNameTag next cb for react with tag latest
500 silly addNamed react@0.14.7
501 verbose addNamed "0.14.7" is a plain semver version for react
502 silly cache afterAdd react@0.14.7
503 verbose afterAdd C:\Users\admin\.cnpm\react\0.14.7\package\package.json not in flight; writing
504 verbose afterAdd C:\Users\admin\.cnpm\react\0.14.7\package\package.json written
505 silly install resolved [ { name: 'react',
505 silly install resolved     description: 'React is a JavaScript library for building user interfaces.',
505 silly install resolved     version: '0.14.7',
505 silly install resolved     keywords: [ 'react' ],
505 silly install resolved     homepage: 'https://facebook.github.io/react/',
505 silly install resolved     bugs: { url: 'https://github.com/facebook/react/issues' },
505 silly install resolved     license: 'BSD-3-Clause',
505 silly install resolved     files:
505 silly install resolved      [ 'LICENSE',
505 silly install resolved        'PATENTS',
505 silly install resolved        'addons.js',
505 silly install resolved        'react.js',
505 silly install resolved        'addons/',
505 silly install resolved        'dist/',
505 silly install resolved        'lib/' ],
505 silly install resolved     main: 'react.js',
505 silly install resolved     repository:
505 silly install resolved      { type: 'git',
505 silly install resolved        url: 'git+https://github.com/facebook/react.git' },
505 silly install resolved     engines: { node: '>=0.10.0' },
505 silly install resolved     dependencies: { envify: '^3.0.0', fbjs: '^0.6.1' },
505 silly install resolved     browserify: { transform: [Object] },
505 silly install resolved     _id: 'react@0.14.7',
505 silly install resolved     _shasum: '76c4e5cfa204caa5aaf42b13008f0d3f6d58a133',
505 silly install resolved     _resolved: 'https://registry.npm.taobao.org/react/download/react-0.14.7.tgz',
505 silly install resolved     _from: 'react@latest',
505 silly install resolved     scripts: {},
505 silly install resolved     _npmVersion: '2.14.12',
505 silly install resolved     _nodeVersion: '4.2.6',
505 silly install resolved     _npmUser: { name: 'graue', email: 'scott@oceanbase.org' },
505 silly install resolved     dist:
505 silly install resolved      { shasum: '76c4e5cfa204caa5aaf42b13008f0d3f6d58a133',
505 silly install resolved        size: 626310,
505 silly install resolved        noattachment: false,
505 silly install resolved        tarball: 'http://registry.npm.taobao.org/react/download/react-0.14.7.tgz' },
505 silly install resolved     maintainers: [ [Object], [Object], [Object], [Object], [Object] ],
505 silly install resolved     directories: {},
505 silly install resolved     publish_time: 1454011169509,
505 silly install resolved     _cnpm_publish_time: 1454011169509,
505 silly install resolved     readme: 'ERROR: No README data found!' } ]
506 info install react@0.14.7 into D:\gitwork\projecthub\test\react\demo7
507 info installOne react@0.14.7
508 verbose installOne of react to D:\gitwork\projecthub\test\react\demo7 not in flight; installing
509 verbose lock using C:\Users\admin\.cnpm\_locks\react-d8b85b43105e0855.lock for D:\gitwork\projecthub\test\react\demo7\node_modules\react
510 silly install write writing react 0.14.7 to D:\gitwork\projecthub\test\react\demo7\node_modules\react
511 verbose unbuild node_modules\react
512 silly gentlyRm D:\gitwork\projecthub\test\react\demo7\node_modules\react is being purged from base D:\gitwork\projecthub\test\react\demo7
513 verbose gentlyRm don't care about contents; nuking D:\gitwork\projecthub\test\react\demo7\node_modules\react
514 silly vacuum-fs purging D:\gitwork\projecthub\test\react\demo7\node_modules\react
515 verbose unlock done using C:\Users\admin\.cnpm\_locks\react-d8b85b43105e0855.lock for D:\gitwork\projecthub\test\react\demo7\node_modules\react
516 verbose stack Error: EPERM: operation not permitted, unlink 'D:\gitwork\projecthub\test\react\demo7\node_modules\react\dist'
516 verbose stack     at Error (native)
517 verbose cwd D:\gitwork\projecthub\test\react\demo7
518 error Windows_NT 6.1.7601
519 error argv "C:\\Program Files\\nodejs\\node.exe" "C:\\Program Files\\nodejs\\node_global\\node_modules\\cnpm\\node_modules\\npm\\bin\\npm-cli.js" "--userconfig=C:\\Users\\admin\\.cnpmrc" "--disturl=https://npm.taobao.org/mirrors/node" "--cache=C:\\Users\\admin\\.cnpm" "--registry=https://registry.npm.taobao.org" "--node-gyp=C:\\Program Files\\nodejs\\node_global\\node_modules\\cnpm\\node_modules\\node-gyp\\bin\\node-gyp.js" "install" "--save" "react"
520 error node v5.1.0
521 error npm  v2.14.13
522 error path D:\gitwork\projecthub\test\react\demo7\node_modules\react\dist
523 error code EPERM
524 error errno -4048
525 error syscall unlink
526 error Error: EPERM: operation not permitted, unlink 'D:\gitwork\projecthub\test\react\demo7\node_modules\react\dist'
526 error     at Error (native)
526 error  { [Error: EPERM: operation not permitted, unlink 'D:\gitwork\projecthub\test\react\demo7\node_modules\react\dist']
526 error   errno: -4048,
526 error   code: 'EPERM',
526 error   syscall: 'unlink',
526 error   path: 'D:\\gitwork\\projecthub\\test\\react\\demo7\\node_modules\\react\\dist' }
527 error Please try running this command again as root/Administrator.
528 verbose exit [ -4048, true ]
529 verbose unbuild node_modules\react
530 silly gentlyRm D:\gitwork\projecthub\test\react\demo7\node_modules\react is being purged from base D:\gitwork\projecthub\test\react\demo7
531 verbose gentlyRm don't care about contents; nuking D:\gitwork\projecthub\test\react\demo7\node_modules\react
532 silly vacuum-fs purging D:\gitwork\projecthub\test\react\demo7\node_modules\react
533 error error rolling back Error: EPERM: operation not permitted, unlink 'D:\gitwork\projecthub\test\react\demo7\node_modules\react\dist'
533 error error rolling back     at Error (native)
533 error error rolling back  { [Error: EPERM: operation not permitted, unlink 'D:\gitwork\projecthub\test\react\demo7\node_modules\react\dist']
533 error error rolling back   errno: -4048,
533 error error rolling back   code: 'EPERM',
533 error error rolling back   syscall: 'unlink',
533 error error rolling back   path: 'D:\\gitwork\\projecthub\\test\\react\\demo7\\node_modules\\react\\dist' }
