0 info it worked if it ends with ok
1 verbose cli [ 'C:\\Program Files\\nodejs\\node.exe',
1 verbose cli   'C:\\Program Files\\nodejs\\node_modules\\npm\\bin\\npm-cli.js',
1 verbose cli   'run',
1 verbose cli   'build' ]
2 info using npm@3.3.12
3 info using node@v5.1.0
4 verbose run-script [ 'prebuild', 'build', 'postbuild' ]
5 info lifecycle gulp-webpack@0.1.0~prebuild: gulp-webpack@0.1.0
6 silly lifecycle gulp-webpack@0.1.0~prebuild: no script for prebuild, continuing
7 info lifecycle gulp-webpack@0.1.0~build: gulp-webpack@0.1.0
8 verbose lifecycle gulp-webpack@0.1.0~build: unsafe-perm in lifecycle true
9 verbose lifecycle gulp-webpack@0.1.0~build: PATH: C:\Program Files\nodejs\node_modules\npm\bin\node-gyp-bin;D:\gitwork\projecthub\component\node_modules\.bin;C:\Users\admin\bin;C:\Program Files\Git\mingw64\bin;C:\Program Files\Git\usr\local\bin;C:\Program Files\Git\usr\bin;C:\Program Files\Git\usr\bin;C:\Program Files\Git\mingw64\bin;C:\Program Files\Git\usr\bin;C:\Users\admin\bin;C:\windows\system32;C:\windows;C:\windows\System32\Wbem;C:\windows\System32\WindowsPowerShell\v1.0;C:\Ruby22\bin;C:\Program Files\nodejs;C:\Program Files\nodejs\node_global;C:\Users\admin\AppData\Local\atom\bin;C:\Ruby22\bin;C:\Users\admin\AppData\Roaming\npm;C:\Program Files\Git\usr\bin\vendor_perl;C:\Program Files\Git\usr\bin\core_perl
10 verbose lifecycle gulp-webpack@0.1.0~build: CWD: D:\gitwork\projecthub\component
11 silly lifecycle gulp-webpack@0.1.0~build: Args: [ '/d /s /c', 'NODE_ENV=production gulp' ]
12 silly lifecycle gulp-webpack@0.1.0~build: Returned: code: 1  signal: null
13 info lifecycle gulp-webpack@0.1.0~build: Failed to exec build script
14 verbose stack Error: gulp-webpack@0.1.0 build: `NODE_ENV=production gulp`
14 verbose stack Exit status 1
14 verbose stack     at EventEmitter.<anonymous> (C:\Program Files\nodejs\node_modules\npm\lib\utils\lifecycle.js:232:16)
14 verbose stack     at emitTwo (events.js:87:13)
14 verbose stack     at EventEmitter.emit (events.js:172:7)
14 verbose stack     at ChildProcess.<anonymous> (C:\Program Files\nodejs\node_modules\npm\lib\utils\spawn.js:24:14)
14 verbose stack     at emitTwo (events.js:87:13)
14 verbose stack     at ChildProcess.emit (events.js:172:7)
14 verbose stack     at maybeClose (internal/child_process.js:818:16)
14 verbose stack     at Process.ChildProcess._handle.onexit (internal/child_process.js:211:5)
15 verbose pkgid gulp-webpack@0.1.0
16 verbose cwd D:\gitwork\projecthub\component
17 error Windows_NT 6.1.7601
18 error argv "C:\\Program Files\\nodejs\\node.exe" "C:\\Program Files\\nodejs\\node_modules\\npm\\bin\\npm-cli.js" "run" "build"
19 error node v5.1.0
20 error npm  v3.3.12
21 error code ELIFECYCLE
22 error gulp-webpack@0.1.0 build: `NODE_ENV=production gulp`
22 error Exit status 1
23 error Failed at the gulp-webpack@0.1.0 build script 'NODE_ENV=production gulp'.
23 error Make sure you have the latest version of node.js and npm installed.
23 error If you do, this is most likely a problem with the gulp-webpack package,
23 error not with npm itself.
23 error Tell the author that this fails on your system:
23 error     NODE_ENV=production gulp
23 error You can get their info via:
23 error     npm owner ls gulp-webpack
23 error There is likely additional logging output above.
24 verbose exit [ 1, true ]
